  [1m[35m (77.4ms)[0m  [1m[34mSELECT sqlite_version(*)[0m
  [1m[35m (164.2ms)[0m  [1m[35mCREATE TABLE "schema_migrations" ("version" varchar NOT NULL PRIMARY KEY)[0m
  [1m[35m (12.9ms)[0m  [1m[35mCREATE TABLE "ar_internal_metadata" ("key" varchar NOT NULL PRIMARY KEY, "value" varchar, "created_at" datetime(6) NOT NULL, "updated_at" datetime(6) NOT NULL)[0m
  [1m[35m (0.6ms)[0m  [1m[34mSELECT "schema_migrations"."version" FROM "schema_migrations" ORDER BY "schema_migrations"."version" ASC[0m
Migrating to CreateBeaches (20210603024502)
  [1m[36mTRANSACTION (0.1ms)[0m  [1m[36mbegin transaction[0m
  [1m[35m (2.1ms)[0m  [1m[35mCREATE TABLE "beaches" ("id" integer PRIMARY KEY AUTOINCREMENT NOT NULL, "name" varchar, "city" varchar, "created_at" datetime(6) NOT NULL, "updated_at" datetime(6) NOT NULL)[0m
  [1m[36mActiveRecord::SchemaMigration Create (9.0ms)[0m  [1m[32mINSERT INTO "schema_migrations" ("version") VALUES (?)[0m  [["version", "20210603024502"]]
  [1m[36mTRANSACTION (11.5ms)[0m  [1m[36mcommit transaction[0m
Migrating to CreateComments (20210603025406)
  [1m[36mTRANSACTION (0.3ms)[0m  [1m[36mbegin transaction[0m
  [1m[35m (3.2ms)[0m  [1m[35mCREATE TABLE "comments" ("id" integer PRIMARY KEY AUTOINCREMENT NOT NULL, "content" text, "beach_id" integer NOT NULL, "created_at" datetime(6) NOT NULL, "updated_at" datetime(6) NOT NULL, CONSTRAINT "fk_rails_364d93a078"
FOREIGN KEY ("beach_id")
  REFERENCES "beaches" ("id")
)[0m
  [1m[35m (0.3ms)[0m  [1m[35mCREATE INDEX "index_comments_on_beach_id" ON "comments" ("beach_id")[0m
  [1m[36mActiveRecord::SchemaMigration Create (0.6ms)[0m  [1m[32mINSERT INTO "schema_migrations" ("version") VALUES (?)[0m  [["version", "20210603025406"]]
  [1m[36mTRANSACTION (14.9ms)[0m  [1m[36mcommit transaction[0m
  [1m[36mActiveRecord::InternalMetadata Load (0.7ms)[0m  [1m[34mSELECT "ar_internal_metadata".* FROM "ar_internal_metadata" WHERE "ar_internal_metadata"."key" = ? LIMIT ?[0m  [["key", "environment"], ["LIMIT", 1]]
  [1m[36mTRANSACTION (0.1ms)[0m  [1m[36mbegin transaction[0m
  [1m[36mActiveRecord::InternalMetadata Create (29.0ms)[0m  [1m[32mINSERT INTO "ar_internal_metadata" ("key", "value", "created_at", "updated_at") VALUES (?, ?, ?, ?)[0m  [["key", "environment"], ["value", "development"], ["created_at", "2021-06-03 02:55:08.825108"], ["updated_at", "2021-06-03 02:55:08.825108"]]
  [1m[36mTRANSACTION (51.5ms)[0m  [1m[36mcommit transaction[0m
  [1m[35m (0.1ms)[0m  [1m[34mSELECT sqlite_version(*)[0m
  [1m[35m (0.6ms)[0m  [1m[34mSELECT "schema_migrations"."version" FROM "schema_migrations" ORDER BY "schema_migrations"."version" ASC[0m
